<?xml version="1.0" encoding="UTF-8"?>
<testsuite xmlns:xsi="http://www.w3.org/2001/XMLSchema-instance" xsi:noNamespaceSchemaLocation="https://maven.apache.org/surefire/maven-surefire-plugin/xsd/surefire-test-report-3.0.xsd" version="3.0" name="com.marketplace.controller.MarketplaceTest" time="2.436" tests="28" errors="0" skipped="0" failures="0">
  <properties>
[...]
</properties>
  <testcase name="createOrderEmptyCart" classname="com.marketplace.controller.MarketplaceTest" time="0.615">
    <system-out><![CDATA[17:56:34.985 [main] INFO org.springframework.test.context.support.AnnotationConfigContextLoaderUtils -- Could not detect default configuration classes for test class [com.marketplace.controller.MarketplaceTest]: MarketplaceTest does not declare any static, non-private, non-final, nested classes annotated with @Configuration.
17:56:35.088 [main] INFO org.springframework.boot.test.context.SpringBootTestContextBootstrapper -- Found @SpringBootConfiguration com.marketplace.MarketplaceApplication for test class com.marketplace.controller.MarketplaceTest

  .   ____          _            __ _ _
 /\\ / ___'_ __ _ _(_)_ __  __ _ \ \ \ \
( ( )\___ | '_ | '_| | '_ \/ _` | \ \ \ \
 \\/  ___)| |_)| | | | | || (_| |  ) ) ) )
  '  |____| .__|_| |_|_| |_\__, | / / / /
 =========|_|==============|___/=/_/_/_/
 :: Spring Boot ::                (v3.2.5)

2026-04-21T17:56:35.423-05:00  INFO 9128 --- [           main] c.m.controller.MarketplaceTest           : Starting MarketplaceTest using Java 21.0.8 with PID 9128 (started by MSI in C:\Users\MSI\Documents\Avance de proyecto 1\marketplace)
2026-04-21T17:56:35.423-05:00  INFO 9128 --- [           main] c.m.controller.MarketplaceTest           : No active profile set, falling back to 1 default profile: "default"
2026-04-21T17:56:36.425-05:00  INFO 9128 --- [           main] o.s.b.t.m.w.SpringBootMockServletContext : Initializing Spring TestDispatcherServlet ''
2026-04-21T17:56:36.425-05:00  INFO 9128 --- [           main] o.s.t.web.servlet.TestDispatcherServlet  : Initializing Servlet ''
2026-04-21T17:56:36.427-05:00  INFO 9128 --- [           main] o.s.t.web.servlet.TestDispatcherServlet  : Completed initialization in 1 ms
2026-04-21T17:56:36.448-05:00  INFO 9128 --- [           main] c.m.controller.MarketplaceTest           : Started MarketplaceTest in 1.237 seconds (process running for 2.021)
]]></system-out>
    <system-err><![CDATA[WARNING: A Java agent has been loaded dynamically (C:\Users\MSI\.m2\repository\net\bytebuddy\byte-buddy-agent\1.14.13\byte-buddy-agent-1.14.13.jar)
WARNING: If a serviceability tool is in use, please run with -XX:+EnableDynamicAgentLoading to hide this warning
WARNING: If a serviceability tool is not in use, please run with -Djdk.instrument.traceUsage for more information
WARNING: Dynamic loading of agents will be disallowed by default in a future release
]]></system-err>
  </testcase>
  <testcase name="discountEdgeCase" classname="com.marketplace.controller.MarketplaceTest" time="0.052"/>
  <testcase name="getInvalidUser" classname="com.marketplace.controller.MarketplaceTest" time="0.008"/>
  <testcase name="cancelOrder" classname="com.marketplace.controller.MarketplaceTest" time="0.014"/>
  <testcase name="discountInvalidProduct" classname="com.marketplace.controller.MarketplaceTest" time="0.003"/>
  <testcase name="payInvalidOrder" classname="com.marketplace.controller.MarketplaceTest" time="0.002"/>
  <testcase name="addMultipleTimes" classname="com.marketplace.controller.MarketplaceTest" time="0.003"/>
  <testcase name="getCartTotalEmpty" classname="com.marketplace.controller.MarketplaceTest" time="0.004"/>
  <testcase name="createOrder" classname="com.marketplace.controller.MarketplaceTest" time="0.003"/>
  <testcase name="cartTotalFinal" classname="com.marketplace.controller.MarketplaceTest" time="0.001"/>
  <testcase name="createProductMinimal" classname="com.marketplace.controller.MarketplaceTest" time="0.027"/>
  <testcase name="addToCart" classname="com.marketplace.controller.MarketplaceTest" time="0.002"/>
  <testcase name="cartTotal" classname="com.marketplace.controller.MarketplaceTest" time="0.003"/>
  <testcase name="applyDiscount" classname="com.marketplace.controller.MarketplaceTest" time="0.003"/>
  <testcase name="createProductInvalid" classname="com.marketplace.controller.MarketplaceTest" time="0.002"/>
  <testcase name="cancelInvalidOrder" classname="com.marketplace.controller.MarketplaceTest" time="0.002"/>
  <testcase name="getProductsAgain" classname="com.marketplace.controller.MarketplaceTest" time="0.003"/>
  <testcase name="getProductsFinal" classname="com.marketplace.controller.MarketplaceTest" time="0.004"/>
  <testcase name="addCartEdgeCase" classname="com.marketplace.controller.MarketplaceTest" time="0.003"/>
  <testcase name="getProducts" classname="com.marketplace.controller.MarketplaceTest" time="0.002"/>
  <testcase name="payOrder" classname="com.marketplace.controller.MarketplaceTest" time="0.006"/>
  <testcase name="createUser" classname="com.marketplace.controller.MarketplaceTest" time="0.006"/>
  <testcase name="addLargeQuantity" classname="com.marketplace.controller.MarketplaceTest" time="0.003"/>
  <testcase name="addInvalidProduct" classname="com.marketplace.controller.MarketplaceTest" time="0.002"/>
  <testcase name="deleteUser" classname="com.marketplace.controller.MarketplaceTest" time="0.006"/>
  <testcase name="getUserById" classname="com.marketplace.controller.MarketplaceTest" time="0.004"/>
  <testcase name="cartTotalAfterAdd" classname="com.marketplace.controller.MarketplaceTest" time="0.003"/>
  <testcase name="createProduct" classname="com.marketplace.controller.MarketplaceTest" time="0.002"/>
</testsuite>